<?xml version="1.0" encoding="UTF-8"?>
<testng-results ignored="0" total="1" passed="1" failed="0" skipped="0">
  <reporter-output>
  </reporter-output>
  <suite started-at="2023-05-26T10:57:00 IST" name="Default suite" finished-at="2023-05-26T10:57:14 IST" duration-ms="14312">
    <groups>
      <group name="cucumber">
        <method signature="AbstractTestNGCucumberTests.runScenario(io.cucumber.testng.PickleWrapper,io.cucumber.testng.FeatureWrapper)[pri:0, instance:BDD.test.runner@548a24a]" name="runScenario" class="io.cucumber.testng.AbstractTestNGCucumberTests"/>
      </group> <!-- cucumber -->
    </groups>
    <test started-at="2023-05-26T10:57:00 IST" name="Default test" finished-at="2023-05-26T10:57:14 IST" duration-ms="14312">
      <class name="BDD.test.runner">
        <test-method is-config="true" signature="setUpClass(org.testng.ITestContext)[pri:0, instance:BDD.test.runner@548a24a]" started-at="2023-05-26T10:57:00 IST" name="setUpClass" finished-at="2023-05-26T10:57:00 IST" duration-ms="691" status="PASS">
          <params>
            <param index="0">
              <value>
                <![CDATA[org.testng.TestRunner@663622b1]]>
              </value>
            </param>
          </params>
          <reporter-output>
          </reporter-output>
        </test-method> <!-- setUpClass -->
        <test-method signature="runScenario(io.cucumber.testng.PickleWrapper,io.cucumber.testng.FeatureWrapper)[pri:0, instance:BDD.test.runner@548a24a]" started-at="2023-05-26T10:57:00 IST" name="runScenario" description="Runs Cucumber Scenarios" data-provider="scenarios" finished-at="2023-05-26T10:57:12 IST" duration-ms="11452" status="PASS">
          <params>
            <param index="0">
              <value>
                <![CDATA["verify that user can able to fill the input"]]>
              </value>
            </param>
            <param index="1">
              <value>
                <![CDATA["input Feature"]]>
              </value>
            </param>
          </params>
          <reporter-output>
          </reporter-output>
        </test-method> <!-- runScenario -->
        <test-method is-config="true" signature="tearDownClass()[pri:0, instance:BDD.test.runner@548a24a]" started-at="2023-05-26T10:57:12 IST" name="tearDownClass" finished-at="2023-05-26T10:57:14 IST" duration-ms="2115" status="PASS">
          <reporter-output>
          </reporter-output>
        </test-method> <!-- tearDownClass -->
      </class> <!-- BDD.test.runner -->
    </test> <!-- Default test -->
  </suite> <!-- Default suite -->
</testng-results>
